<?xml version="1.0" encoding="UTF-8"?>
<testsuite name="StudentTest" tests="7" skipped="0" failures="0" errors="0" timestamp="2021-10-28T16:46:40" hostname="DESKTOP-81K4S5S" time="0.123">
  <properties/>
  <testcase name="testStudentUserName" classname="StudentTest" time="0.115"/>
  <testcase name="testStudentName" classname="StudentTest" time="0.0"/>
  <testcase name="testDOB" classname="StudentTest" time="0.001"/>
  <testcase name="testStudentID" classname="StudentTest" time="0.0"/>
  <testcase name="testStudentAge" classname="StudentTest" time="0.0"/>
  <testcase name="testAddModules" classname="StudentTest" time="0.001"/>
  <testcase name="testAddCourses" classname="StudentTest" time="0.002"/>
  <system-out><![CDATA[]]></system-out>
  <system-err><![CDATA[]]></system-err>
</testsuite>
